[INFO] Scanning for projects...
[INFO] 
[INFO] -----------------------< com.pos:store-manager >------------------------
[INFO] Building store-manager 1.0-SNAPSHOT
[INFO]   from pom.xml
[INFO] --------------------------------[ jar ]---------------------------------
[WARNING] 6 problems were encountered while building the effective model for org.openjfx:javafx-controls:jar:21 during dependency collection step for project (use -X to see details)
[WARNING] 6 problems were encountered while building the effective model for org.openjfx:javafx-controls:jar:20 during dependency collection step for project (use -X to see details)
[INFO] 
[INFO] --- resources:3.3.1:resources (default-resources) @ store-manager ---
[INFO] Copying 20 resources from src\main\resources to target\classes
[INFO] 
[INFO] --- compiler:3.11.0:compile (default-compile) @ store-manager ---
[INFO] Changes detected - recompiling the module! :source
[INFO] Compiling 58 source files with javac [debug target 17] to target\classes
[WARNING] location of system modules is not set in conjunction with -source 17
  not setting the location of system modules may lead to class files that cannot run on JDK 17
    --release 17 is recommended instead of -source 17 -target 17 because it sets the location of system modules automatically
[INFO] /C:/POS/src/main/java/com/pos/system/controllers/CheckoutController.java: C:\POS\src\main\java\com\pos\system\controllers\CheckoutController.java uses or overrides a deprecated API.
[INFO] /C:/POS/src/main/java/com/pos/system/controllers/CheckoutController.java: Recompile with -Xlint:deprecation for details.
[INFO] /C:/POS/src/main/java/com/pos/system/controllers/InventoryController.java: C:\POS\src\main\java\com\pos\system\controllers\InventoryController.java uses unchecked or unsafe operations.
[INFO] /C:/POS/src/main/java/com/pos/system/controllers/InventoryController.java: Recompile with -Xlint:unchecked for details.
[INFO] ------------------------------------------------------------------------
[INFO] BUILD SUCCESS
[INFO] ------------------------------------------------------------------------
[INFO] Total time:  3.085 s
[INFO] Finished at: 2026-02-24T13:44:12+06:30
[INFO] ------------------------------------------------------------------------
